{"C:\\Users\\Luiz Henrique\\Desktop\\coding\\digitalhouse\\2o-bimestre\\dh-testing\\aula2311\\sum.js": {"path":"C:\\Users\\Luiz Henrique\\Desktop\\coding\\digitalhouse\\2o-bimestre\\dh-testing\\aula2311\\sum.js","statementMap":{"0":{"start":{"line":1,"column":12},"end":{"line":3,"column":1}},"1":{"start":{"line":2,"column":2},"end":{"line":2,"column":15}},"2":{"start":{"line":5,"column":12},"end":{"line":7,"column":1}},"3":{"start":{"line":6,"column":2},"end":{"line":6,"column":15}},"4":{"start":{"line":9,"column":0},"end":{"line":9,"column":28}}},"fnMap":{"0":{"name":"(anonymous_0)","decl":{"start":{"line":1,"column":12},"end":{"line":1,"column":13}},"loc":{"start":{"line":1,"column":22},"end":{"line":3,"column":1}},"line":1},"1":{"name":"(anonymous_1)","decl":{"start":{"line":5,"column":12},"end":{"line":5,"column":13}},"loc":{"start":{"line":5,"column":22},"end":{"line":7,"column":1}},"line":5}},"branchMap":{},"s":{"0":1,"1":20,"2":1,"3":20,"4":1},"f":{"0":20,"1":20},"b":{},"_coverageSchema":"1a1c01bbd47fc00a2c39e90264f33305004495a9","hash":"8c8df534ad48120b2e4ca778fc1ff663e39c9d63"}
}
